<?xml version="1.0" encoding="UTF-8"?><testsuite errors="0" failures="0" name="com.qamadness.features.ProfileInformationStory" skipped="4" tests="4" time="0.0" timestamp="2015-10-287 11:04:56"><testcase classname="com.qamadness.features.ProfileInformationStory" name="Change password"><skipped/></testcase><testcase classname="com.qamadness.features.ProfileInformationStory" name="Change site language"><skipped/></testcase><testcase classname="com.qamadness.features.ProfileInformationStory" name="Change first and last name"><skipped/></testcase><testcase classname="com.qamadness.features.ProfileInformationStory" name="Change currency and check it on  supplier  page"><skipped/></testcase></testsuite>